<?xml version="1.0" encoding="UTF-8"?>
<testsuite name="com.kodilla.patterns2.adapter.bookclassifier.MedianAdapterTestSuite" tests="1" skipped="0" failures="0" errors="0" timestamp="2021-12-28T14:27:43" hostname="DESKTOP-UTMB8DE" time="0.03">
  <properties/>
  <testcase name="publicationYearMedianTest()" classname="com.kodilla.patterns2.adapter.bookclassifier.MedianAdapterTestSuite" time="0.03"/>
  <system-out><![CDATA[]]></system-out>
  <system-err><![CDATA[]]></system-err>
</testsuite>
