<?xml version="1.0" encoding="UTF-8"?>
<testsuite name="com.kodilla.patterns2.facade.ShopServiceTestSuite" tests="1" skipped="0" failures="0" errors="0" timestamp="2021-12-20T23:30:46" hostname="DESKTOP-UTMB8DE" time="0.596">
  <properties/>
  <testcase name="testShopServiceSubmitOrder()" classname="com.kodilla.patterns2.facade.ShopServiceTestSuite" time="0.596"/>
  <system-out><![CDATA[00:30:44.613 [Test worker] DEBUG org.springframework.test.context.BootstrapUtils - Instantiating CacheAwareContextLoaderDelegate from class [org.springframework.test.context.cache.DefaultCacheAwareContextLoaderDelegate]
00:30:44.627 [Test worker] DEBUG org.springframework.test.context.BootstrapUtils - Instantiating BootstrapContext using constructor [public org.springframework.test.context.support.DefaultBootstrapContext(java.lang.Class,org.springframework.test.context.CacheAwareContextLoaderDelegate)]
00:30:44.673 [Test worker] DEBUG org.springframework.test.context.BootstrapUtils - Instantiating TestContextBootstrapper for test class [com.kodilla.patterns2.facade.ShopServiceTestSuite] from class [org.springframework.boot.test.context.SpringBootTestContextBootstrapper]
00:30:44.691 [Test worker] INFO org.springframework.boot.test.context.SpringBootTestContextBootstrapper - Neither @ContextConfiguration nor @ContextHierarchy found for test class [com.kodilla.patterns2.facade.ShopServiceTestSuite], using SpringBootContextLoader
00:30:44.696 [Test worker] DEBUG org.springframework.test.context.support.AbstractContextLoader - Did not detect default resource location for test class [com.kodilla.patterns2.facade.ShopServiceTestSuite]: class path resource [com/kodilla/patterns2/facade/ShopServiceTestSuite-context.xml] does not exist
00:30:44.697 [Test worker] DEBUG org.springframework.test.context.support.AbstractContextLoader - Did not detect default resource location for test class [com.kodilla.patterns2.facade.ShopServiceTestSuite]: class path resource [com/kodilla/patterns2/facade/ShopServiceTestSuiteContext.groovy] does not exist
00:30:44.698 [Test worker] INFO org.springframework.test.context.support.AbstractContextLoader - Could not detect default resource locations for test class [com.kodilla.patterns2.facade.ShopServiceTestSuite]: no resource found for suffixes {-context.xml, Context.groovy}.
00:30:44.699 [Test worker] INFO org.springframework.test.context.support.AnnotationConfigContextLoaderUtils - Could not detect default configuration classes for test class [com.kodilla.patterns2.facade.ShopServiceTestSuite]: ShopServiceTestSuite does not declare any static, non-private, non-final, nested classes annotated with @Configuration.
00:30:44.762 [Test worker] DEBUG org.springframework.test.context.support.ActiveProfilesUtils - Could not find an 'annotation declaring class' for annotation type [org.springframework.test.context.ActiveProfiles] and class [com.kodilla.patterns2.facade.ShopServiceTestSuite]
00:30:44.887 [Test worker] DEBUG org.springframework.context.annotation.ClassPathScanningCandidateComponentProvider - Identified candidate component class: file [C:\Users\baal_perez\Downloads\kodilla_paterns2\build\classes\java\main\com\kodilla\KodillaApplication.class]
00:30:44.890 [Test worker] INFO org.springframework.boot.test.context.SpringBootTestContextBootstrapper - Found @SpringBootConfiguration com.kodilla.KodillaApplication for test class com.kodilla.patterns2.facade.ShopServiceTestSuite
00:30:45.087 [Test worker] DEBUG org.springframework.boot.test.context.SpringBootTestContextBootstrapper - @TestExecutionListeners is not present for class [com.kodilla.patterns2.facade.ShopServiceTestSuite]: using defaults.
00:30:45.089 [Test worker] INFO org.springframework.boot.test.context.SpringBootTestContextBootstrapper - Loaded default TestExecutionListener class names from location [META-INF/spring.factories]: [org.springframework.boot.test.autoconfigure.restdocs.RestDocsTestExecutionListener, org.springframework.boot.test.autoconfigure.web.client.MockRestServiceServerResetTestExecutionListener, org.springframework.boot.test.autoconfigure.web.servlet.MockMvcPrintOnlyOnFailureTestExecutionListener, org.springframework.boot.test.autoconfigure.web.servlet.WebDriverTestExecutionListener, org.springframework.boot.test.autoconfigure.webservices.client.MockWebServiceServerTestExecutionListener, org.springframework.boot.test.mock.mockito.MockitoTestExecutionListener, org.springframework.boot.test.mock.mockito.ResetMocksTestExecutionListener, org.springframework.test.context.web.ServletTestExecutionListener, org.springframework.test.context.support.DirtiesContextBeforeModesTestExecutionListener, org.springframework.test.context.event.ApplicationEventsTestExecutionListener, org.springframework.test.context.support.DependencyInjectionTestExecutionListener, org.springframework.test.context.support.DirtiesContextTestExecutionListener, org.springframework.test.context.transaction.TransactionalTestExecutionListener, org.springframework.test.context.jdbc.SqlScriptsTestExecutionListener, org.springframework.test.context.event.EventPublishingTestExecutionListener]
00:30:45.108 [Test worker] DEBUG org.springframework.boot.test.context.SpringBootTestContextBootstrapper - Skipping candidate TestExecutionListener [org.springframework.test.context.web.ServletTestExecutionListener] due to a missing dependency. Specify custom listener classes or make the default listener classes and their required dependencies available. Offending class: [javax/servlet/ServletContext]
00:30:45.111 [Test worker] DEBUG org.springframework.boot.test.context.SpringBootTestContextBootstrapper - Skipping candidate TestExecutionListener [org.springframework.test.context.transaction.TransactionalTestExecutionListener] due to a missing dependency. Specify custom listener classes or make the default listener classes and their required dependencies available. Offending class: [org/springframework/transaction/interceptor/TransactionAttributeSource]
00:30:45.113 [Test worker] DEBUG org.springframework.boot.test.context.SpringBootTestContextBootstrapper - Skipping candidate TestExecutionListener [org.springframework.test.context.jdbc.SqlScriptsTestExecutionListener] due to a missing dependency. Specify custom listener classes or make the default listener classes and their required dependencies available. Offending class: [org/springframework/transaction/interceptor/TransactionAttribute]
00:30:45.115 [Test worker] INFO org.springframework.boot.test.context.SpringBootTestContextBootstrapper - Using TestExecutionListeners: [org.springframework.test.context.support.DirtiesContextBeforeModesTestExecutionListener@306775c2, org.springframework.test.context.event.ApplicationEventsTestExecutionListener@4737a3d8, org.springframework.boot.test.mock.mockito.MockitoTestExecutionListener@7e94c9fb, org.springframework.boot.test.autoconfigure.SpringBootDependencyInjectionTestExecutionListener@164e3fbb, org.springframework.test.context.support.DirtiesContextTestExecutionListener@1d0c81d5, org.springframework.test.context.event.EventPublishingTestExecutionListener@675fc8cf, org.springframework.boot.test.autoconfigure.restdocs.RestDocsTestExecutionListener@3f5c0ece, org.springframework.boot.test.autoconfigure.web.client.MockRestServiceServerResetTestExecutionListener@58084d79, org.springframework.boot.test.autoconfigure.web.servlet.MockMvcPrintOnlyOnFailureTestExecutionListener@21736d84, org.springframework.boot.test.autoconfigure.web.servlet.WebDriverTestExecutionListener@38f3c0d5, org.springframework.boot.test.autoconfigure.webservices.client.MockWebServiceServerTestExecutionListener@6786837b, org.springframework.boot.test.mock.mockito.ResetMocksTestExecutionListener@7dff7977]
00:30:45.123 [Test worker] DEBUG org.springframework.test.context.support.AbstractDirtiesContextTestExecutionListener - Before test class: context [DefaultTestContext@6891af6a testClass = ShopServiceTestSuite, testInstance = [null], testMethod = [null], testException = [null], mergedContextConfiguration = [MergedContextConfiguration@75520d9b testClass = ShopServiceTestSuite, locations = '{}', classes = '{class com.kodilla.KodillaApplication}', contextInitializerClasses = '[]', activeProfiles = '{}', propertySourceLocations = '{}', propertySourceProperties = '{org.springframework.boot.test.context.SpringBootTestContextBootstrapper=true}', contextCustomizers = set[org.springframework.boot.test.autoconfigure.actuate.metrics.MetricsExportContextCustomizerFactory$DisableMetricExportContextCustomizer@5a46cd8b, org.springframework.boot.test.autoconfigure.properties.PropertyMappingContextCustomizer@0, org.springframework.boot.test.autoconfigure.web.servlet.WebDriverContextCustomizerFactory$Customizer@2b32b4fa, org.springframework.boot.test.context.filter.ExcludeFilterContextCustomizer@7276448d, org.springframework.boot.test.json.DuplicateJsonObjectContextCustomizerFactory$DuplicateJsonObjectContextCustomizer@67c372d3, org.springframework.boot.test.mock.mockito.MockitoContextCustomizer@0, org.springframework.boot.test.web.client.TestRestTemplateContextCustomizer@f8951dc, org.springframework.boot.test.context.SpringBootTestArgs@1, org.springframework.boot.test.context.SpringBootTestWebEnvironment@219bc63e], contextLoader = 'org.springframework.boot.test.context.SpringBootContextLoader', parent = [null]], attributes = map[[empty]]], class annotated with @DirtiesContext [false] with mode [null].
00:30:45.147 [Test worker] DEBUG org.springframework.test.context.support.DependencyInjectionTestExecutionListener - Performing dependency injection for test context [[DefaultTestContext@6891af6a testClass = ShopServiceTestSuite, testInstance = com.kodilla.patterns2.facade.ShopServiceTestSuite@336629b6, testMethod = [null], testException = [null], mergedContextConfiguration = [MergedContextConfiguration@75520d9b testClass = ShopServiceTestSuite, locations = '{}', classes = '{class com.kodilla.KodillaApplication}', contextInitializerClasses = '[]', activeProfiles = '{}', propertySourceLocations = '{}', propertySourceProperties = '{org.springframework.boot.test.context.SpringBootTestContextBootstrapper=true}', contextCustomizers = set[org.springframework.boot.test.autoconfigure.actuate.metrics.MetricsExportContextCustomizerFactory$DisableMetricExportContextCustomizer@5a46cd8b, org.springframework.boot.test.autoconfigure.properties.PropertyMappingContextCustomizer@0, org.springframework.boot.test.autoconfigure.web.servlet.WebDriverContextCustomizerFactory$Customizer@2b32b4fa, org.springframework.boot.test.context.filter.ExcludeFilterContextCustomizer@7276448d, org.springframework.boot.test.json.DuplicateJsonObjectContextCustomizerFactory$DuplicateJsonObjectContextCustomizer@67c372d3, org.springframework.boot.test.mock.mockito.MockitoContextCustomizer@0, org.springframework.boot.test.web.client.TestRestTemplateContextCustomizer@f8951dc, org.springframework.boot.test.context.SpringBootTestArgs@1, org.springframework.boot.test.context.SpringBootTestWebEnvironment@219bc63e], contextLoader = 'org.springframework.boot.test.context.SpringBootContextLoader', parent = [null]], attributes = map['org.springframework.test.context.event.ApplicationEventsTestExecutionListener.recordApplicationEvents' -> false]]].
00:30:45.197 [Test worker] DEBUG org.springframework.boot.ApplicationEnvironment - Activating profiles []
00:30:45.201 [Test worker] DEBUG org.springframework.test.context.support.TestPropertySourceUtils - Adding inlined properties to environment: {spring.jmx.enabled=false, org.springframework.boot.test.context.SpringBootTestContextBootstrapper=true}

  .   ____          _            __ _ _
 /\\ / ___'_ __ _ _(_)_ __  __ _ \ \ \ \
( ( )\___ | '_ | '_| | '_ \/ _` | \ \ \ \
 \\/  ___)| |_)| | | | | || (_| |  ) ) ) )
  '  |____| .__|_| |_|_| |_\__, | / / / /
 =========|_|==============|___/=/_/_/_/
 :: Spring Boot ::                (v2.6.1)

2021-12-21 00:30:45.607  INFO 8200 --- [    Test worker] c.k.p.facade.ShopServiceTestSuite        : Starting ShopServiceTestSuite using Java 15.0.2 on DESKTOP-UTMB8DE with PID 8200 (started by baal_perez in C:\Users\baal_perez\Downloads\kodilla_paterns2)
2021-12-21 00:30:45.609  INFO 8200 --- [    Test worker] c.k.p.facade.ShopServiceTestSuite        : No active profile set, falling back to default profiles: default
2021-12-21 00:30:46.825  INFO 8200 --- [    Test worker] c.k.p.facade.ShopServiceTestSuite        : Started ShopServiceTestSuite in 1.62 seconds (JVM running for 3.522)
Registering new order, ID: -1
Access denied. User is not authenticated.
]]></system-out>
  <system-err><![CDATA[]]></system-err>
</testsuite>
