<?xml version="1.0" encoding="UTF-8"?>
<testsuite name="com.kodilla.patterns2.observer.homework.TaskTestSuite" tests="1" skipped="0" failures="0" errors="0" timestamp="2021-12-28T10:47:20" hostname="DESKTOP-UTMB8DE" time="0.042">
  <properties/>
  <testcase name="addTaskTest()" classname="com.kodilla.patterns2.observer.homework.TaskTestSuite" time="0.042"/>
  <system-out><![CDATA[Mentor_1: New task to review: Zadanie_1
Mentor_1: New task to review: Zadanie_2
Mentor_1: New task to review: Zadanie_3
Mentor_1: New task to review: Zadanie_4
Mentor_1: New task to review: Zadanie_1
Mentor_1: New task to review: Zadanie_2
Mentor_2: New task to review: Zadanie_1
]]></system-out>
  <system-err><![CDATA[]]></system-err>
</testsuite>
