<?xml version="1.0" encoding="UTF-8"?>
<testsuite name="com.kodilla.patterns2.decorator.pizza.PizzaOrderTestSuite" tests="4" skipped="0" failures="0" errors="0" timestamp="2021-12-20T16:43:23" hostname="DESKTOP-UTMB8DE" time="0.051">
  <properties/>
  <testcase name="testBasicPizzaOrderWithAllAdditionGetAddition()" classname="com.kodilla.patterns2.decorator.pizza.PizzaOrderTestSuite" time="0.041"/>
  <testcase name="testBasicPizzaOrderGetAddition()" classname="com.kodilla.patterns2.decorator.pizza.PizzaOrderTestSuite" time="0.001"/>
  <testcase name="testBasicPizzaOrderWithAllAdditionGetCost()" classname="com.kodilla.patterns2.decorator.pizza.PizzaOrderTestSuite" time="0.003"/>
  <testcase name="testBasicPizzaOrderGetCost()" classname="com.kodilla.patterns2.decorator.pizza.PizzaOrderTestSuite" time="0.002"/>
  <system-out><![CDATA[Standard pizza
	with extra cheese
	with extra ham
	with extra mushrooms
	with extra sauce
32
]]></system-out>
  <system-err><![CDATA[]]></system-err>
</testsuite>
